[Sun Nov 16 20:54:08.641 2014] 0.000 sec 0.000 sec [ext2/0/rel 3 (0,25)] [*] test
[Sun Nov 16 20:54:32.373 2014] 0.000 sec 0.000 sec [ext2/0/rel 3 (0,25)] [*] test
[Sun Nov 16 20:54:33.385 2014] 0.000 sec 0.000 sec [ext2/0/rel 3 (0,25)] [*] test
[Sun Nov 16 20:56:51.270 2014] 0.000 sec 0.000 sec [ext2/0/rel 1 (0,25)] [*] group
[Sun Nov 16 20:56:52.002 2014] 0.000 sec 0.000 sec [ext2/0/rel 1 (0,25)] [*] group
[Sun Nov 16 21:15:35.093 2014] 0.000 sec 0.000 sec [ext2/0/rel 0 (0,25)] [*] ahahaha
[Sun Nov 16 21:16:46.721 2014] 0.000 sec 0.000 sec [ext2/0/rel 0 (0,25)] [*] ahahaha
[Sun Nov 16 21:16:51.149 2014] 0.000 sec 0.000 sec [ext2/0/rel 3 (0,25)] [*] test
[Sun Nov 16 21:19:20.525 2014] 0.000 sec 0.000 sec [ext2/0/rel 4 (0,25)] [*]
[Sun Nov 16 21:19:46.962 2014] 0.000 sec 0.000 sec [ext2/0/rel 4 (0,25)] [*]
[Sun Nov 16 21:20:26.257 2014] 0.000 sec 0.000 sec [ext2/0/rel 0 (0,25)] [*] bayu
[Sun Nov 16 21:21:26.388 2014] 0.000 sec 0.000 sec [ext2/0/rel 0 (0,25)] [*] bayu
[Sun Nov 16 21:22:05.255 2014] 0.000 sec 0.000 sec [ext2/0/rel 0 (0,25)] [*] bayu
[Sun Nov 16 21:22:27.032 2014] 0.000 sec 0.000 sec [ext2/0/rel 3 (0,25)] [*] test
[Sun Nov 16 21:22:59.392 2014] 0.000 sec 0.000 sec [ext2/0/rel 3 (0,25)] [*] test
[Sun Nov 16 21:23:05.117 2014] 0.000 sec 0.000 sec [ext2/0/rel 0 (0,25)] [*] aaa
[Sun Nov 16 21:23:09.098 2014] 0.000 sec 0.000 sec [ext2/0/rel 3 (0,25)] [*] test
[Sun Nov 16 21:23:13.596 2014] 0.000 sec 0.000 sec [ext2/0/rel 0 (0,25)] [*] bayu
[Sun Nov 16 21:23:48.567 2014] 0.000 sec 0.000 sec [ext2/0/rel 0 (0,25)] [*] bayu
[Sun Nov 16 21:23:52.326 2014] 0.000 sec 0.000 sec [ext2/0/rel 0 (0,25)] [*] santoso
[Sun Nov 16 21:24:04.691 2014] 0.000 sec 0.000 sec [ext2/0/rel 1 (0,25)] [*] group
[Sun Nov 16 21:24:14.556 2014] 0.000 sec 0.000 sec [ext2/0/rel 1 (0,25)] [*] four
[Sun Nov 16 21:24:29.981 2014] 0.000 sec 0.000 sec [ext2/0/rel 1 (0,25)] [*] number one
[Sun Nov 16 21:29:58.893 2014] 0.000 sec 0.000 sec [ext2/0/rel 0 (0,25)] [*] five
[Sun Nov 16 21:30:08.271 2014] 0.000 sec 0.000 sec [ext2/0/rel 0 (0,25)] [*] kenapa?
[Sun Nov 16 21:30:12.439 2014] 0.000 sec 0.000 sec [ext2/0/rel 0 (0,25)] [*] gak
[Sun Nov 16 21:30:14.781 2014] 0.000 sec 0.000 sec [ext2/0/rel 3 (0,25)] [*] test
[Sun Nov 16 21:30:20.638 2014] 0.000 sec 0.000 sec [ext2/0/rel 0 (0,25)] [*] five
[Sun Nov 16 21:31:24.438 2014] 0.000 sec 0.000 sec [ext2/0/rel 0 (0,25)] [*] five
[Sun Nov 16 21:31:25.327 2014] 0.000 sec 0.000 sec [ext2/0/rel 0 (0,25)] [*] five
[Sun Nov 16 21:38:03.340 2014] 0.000 sec 0.000 sec [ext2/0/rel 0 (0,25)] [*] five
[Sun Nov 16 21:38:05.839 2014] 0.000 sec 0.000 sec [ext2/0/rel 0 (0,25)] [*] five
[Sun Nov 16 21:38:08.111 2014] 0.000 sec 0.000 sec [ext2/0/rel 0 (0,25)] [*] bayu
[Sun Nov 16 21:38:11.179 2014] 0.000 sec 0.000 sec [ext2/0/rel 0 (0,25)] [*] test
[Sun Nov 16 21:38:14.466 2014] 0.002 sec 0.002 sec [ext2/0/rel 0 (0,25)] [*] a
[Sun Nov 16 21:38:17.464 2014] 0.000 sec 0.000 sec [ext2/0/rel 0 (0,25)] [*] test
[Sun Nov 16 21:38:21.090 2014] 0.000 sec 0.000 sec [ext2/0/rel 0 (0,25)] [*] kompas
[Sun Nov 16 21:38:27.875 2014] 0.000 sec 0.000 sec [ext2/0/rel 0 (0,25)] [*] group
[Sun Nov 16 21:38:49.059 2014] 0.000 sec 0.000 sec [ext2/0/rel 0 (0,25)] [*] group
[Sun Nov 16 21:38:49.753 2014] 0.000 sec 0.000 sec [ext2/0/rel 0 (0,25)] [*] group
[Sun Nov 16 21:38:52.065 2014] 0.000 sec 0.000 sec [ext2/0/rel 0 (0,25)] [*] group
[Sun Nov 16 21:38:56.921 2014] 0.000 sec 0.000 sec [ext2/0/rel 0 (0,25)] [*] test
[Sun Nov 16 21:43:06.202 2014] 0.000 sec 0.000 sec [ext2/0/rel 0 (0,25)] [*] group
[Sun Nov 16 21:43:07.630 2014] 0.000 sec 0.000 sec [ext2/0/rel 0 (0,25)] [*] test
[Sun Nov 16 21:43:08.189 2014] 0.000 sec 0.000 sec [ext2/0/rel 0 (0,25)] [*] test
[Sun Nov 16 21:43:08.414 2014] 0.000 sec 0.000 sec [ext2/0/rel 0 (0,25)] [*] test
[Sun Nov 16 21:43:08.664 2014] 0.000 sec 0.000 sec [ext2/0/rel 0 (0,25)] [*] test
[Sun Nov 16 21:43:09.414 2014] 0.000 sec 0.000 sec [ext2/0/rel 0 (0,25)] [*] group
[Sun Nov 16 21:43:09.842 2014] 0.000 sec 0.000 sec [ext2/0/rel 0 (0,25)] [*] group
[Sun Nov 16 21:43:10.056 2014] 0.000 sec 0.000 sec [ext2/0/rel 0 (0,25)] [*] group
[Sun Nov 16 21:43:10.282 2014] 0.000 sec 0.000 sec [ext2/0/rel 0 (0,25)] [*] group
[Sun Nov 16 21:43:11.011 2014] 0.000 sec 0.000 sec [ext2/0/rel 0 (0,25)] [*] test
[Sun Nov 16 21:43:12.308 2014] 0.000 sec 0.000 sec [ext2/0/rel 0 (0,25)] [*] test
[Sun Nov 16 21:43:16.607 2014] 0.000 sec 0.000 sec [ext2/0/rel 0 (0,25)] [*] test
[Sun Nov 16 21:44:43.333 2014] 0.000 sec 0.000 sec [ext2/0/rel 0 (0,20)] [*] test
[Sun Nov 16 21:44:43.890 2014] 0.000 sec 0.000 sec [ext2/0/rel 0 (0,20)] [*] test
[Sun Nov 16 21:44:44.215 2014] 0.000 sec 0.000 sec [ext2/0/rel 0 (0,20)] [*] test
[Sun Nov 16 21:44:44.486 2014] 0.000 sec 0.000 sec [ext2/0/rel 0 (0,20)] [*] test
[Sun Nov 16 21:44:44.985 2014] 0.000 sec 0.000 sec [ext2/0/rel 0 (0,20)] [*] test
[Sun Nov 16 21:44:45.394 2014] 0.000 sec 0.000 sec [ext2/0/rel 0 (0,20)] [*] test
[Sun Nov 16 21:44:51.793 2014] 0.000 sec 0.000 sec [ext2/0/rel 0 (0,20)] [*] test
[Sun Nov 16 21:44:52.598 2014] 0.000 sec 0.000 sec [ext2/0/rel 0 (0,20)] [*] test
[Sun Nov 16 21:44:53.131 2014] 0.000 sec 0.000 sec [ext2/0/rel 0 (0,20)] [*] test
[Sun Nov 16 21:44:53.407 2014] 0.000 sec 0.000 sec [ext2/0/rel 0 (0,20)] [*] test
[Sun Nov 16 21:44:53.752 2014] 0.000 sec 0.000 sec [ext2/0/rel 0 (0,20)] [*] test
[Sun Nov 16 21:45:13.346 2014] 0.000 sec 0.000 sec [ext2/0/rel 0 (0,20)] [*] test
[Sun Nov 16 21:45:13.895 2014] 0.000 sec 0.000 sec [ext2/0/rel 0 (0,20)] [*] test
[Sun Nov 16 21:45:14.143 2014] 0.000 sec 0.000 sec [ext2/0/rel 0 (0,20)] [*] test
[Sun Nov 16 21:45:16.126 2014] 0.000 sec 0.000 sec [ext2/0/rel 0 (0,20)] [*] bayu
[Sun Nov 16 21:45:19.941 2014] 0.000 sec 0.000 sec [ext2/0/rel 0 (0,20)] [*] bayu
[Sun Nov 16 21:45:25.243 2014] 0.000 sec 0.000 sec [ext2/0/rel 0 (0,20)] [*] asdas
[Sun Nov 16 21:45:30.905 2014] 0.000 sec 0.000 sec [ext2/0/rel 0 (0,20)] [*] bayu
[Sun Nov 16 21:46:43.758 2014] 0.000 sec 0.000 sec [ext2/0/rel 0 (0,25)] [*] group
[Sun Nov 16 21:47:00.058 2014] 0.000 sec 0.000 sec [ext2/0/rel 0 (0,25)] [*] test
[Sun Nov 16 21:47:00.484 2014] 0.000 sec 0.000 sec [ext2/0/rel 0 (0,25)] [*] test
[Sun Nov 16 21:47:00.761 2014] 0.000 sec 0.000 sec [ext2/0/rel 0 (0,25)] [*] test
[Sun Nov 16 21:48:04.548 2014] 0.000 sec 0.000 sec [ext2/0/rel 0 (0,20)] [*] bayu
[Sun Nov 16 21:48:05.734 2014] 0.000 sec 0.000 sec [ext2/0/rel 3 (0,25)] [*] test
[Sun Nov 16 21:48:06.329 2014] 0.000 sec 0.000 sec [ext2/0/rel 3 (0,25)] [*] test
[Sun Nov 16 21:48:38.050 2014] 0.000 sec 0.000 sec [ext2/0/rel 1 (0,20)] [*] bayu
[Sun Nov 16 21:52:14.529 2014] 0.000 sec 0.000 sec [ext2/0/rel 1 (0,20)] [*] kompas
[Sun Nov 16 21:52:17.241 2014] 0.000 sec 0.000 sec [ext2/0/rel 0 (0,20)] [*] dan
[Sun Nov 16 21:52:27.711 2014] 0.000 sec 0.000 sec [ext2/0/rel 1 (0,20)] [*] kompas
[Sun Nov 16 21:52:35.458 2014] 0.000 sec 0.000 sec [ext2/0/rel 1 (0,20)] [*] path
[Sun Nov 16 23:05:26.132 2014] 0.000 sec 0.000 sec [ext2/0/rel 2 (0,20)] [*] google
[Sun Nov 16 23:05:29.369 2014] 0.000 sec 0.000 sec [ext2/0/rel 2 (0,20)] [*] google
[Sun Nov 16 23:17:36.907 2014] 0.000 sec 0.000 sec [ext2/0/rel 2 (0,20)] [*] google
[Sun Nov 16 23:18:04.365 2014] 0.000 sec 0.000 sec [ext2/0/rel 2 (0,20)] [*] google
[Sun Nov 16 23:18:05.716 2014] 0.000 sec 0.000 sec [ext2/0/rel 2 (0,20)] [*] google
[Sun Nov 16 23:21:01.027 2014] 0.000 sec 0.000 sec [ext2/0/rel 2 (0,20)] [*] google
[Sun Nov 16 23:21:25.404 2014] 0.000 sec 0.000 sec [ext2/0/rel 2 (0,20)] [*] google
[Sun Nov 16 23:21:42.123 2014] 0.000 sec 0.000 sec [ext2/0/rel 2 (0,20)] [*] google
[Sun Nov 16 23:21:55.547 2014] 0.000 sec 0.000 sec [ext2/0/rel 2 (0,20)] [*] google
[Sun Nov 16 23:21:56.347 2014] 0.000 sec 0.000 sec [ext2/0/rel 2 (0,20)] [*] google
[Sun Nov 16 23:22:10.825 2014] 0.000 sec 0.000 sec [ext2/0/rel 2 (0,20)] [*] google
[Sun Nov 16 23:22:34.381 2014] 0.000 sec 0.000 sec [ext2/0/rel 2 (0,20)] [*] google
[Sun Nov 16 23:22:35.177 2014] 0.000 sec 0.000 sec [ext2/0/rel 2 (0,20)] [*] google
[Sun Nov 16 23:23:25.208 2014] 0.000 sec 0.000 sec [ext2/0/rel 2 (0,20)] [*] google
[Sun Nov 16 23:23:30.473 2014] 0.000 sec 0.000 sec [ext2/0/rel 2 (0,20)] [*] google
[Sun Nov 16 23:24:04.727 2014] 0.000 sec 0.000 sec [ext2/0/rel 2 (0,20)] [*] google
[Sun Nov 16 23:24:18.482 2014] 0.000 sec 0.000 sec [ext2/0/rel 0 (0,20)] [*] apa
[Sun Nov 16 23:25:38.380 2014] 0.000 sec 0.000 sec [ext2/0/rel 0 (0,20)] [*] apa
[Sun Nov 16 23:25:44.212 2014] 0.000 sec 0.000 sec [ext2/0/rel 0 (0,20)] [*] hahahah
[Sun Nov 16 23:25:48.246 2014] 0.000 sec 0.000 sec [ext2/0/rel 0 (0,20)] [*] lo
[Sun Nov 16 23:25:56.713 2014] 0.000 sec 0.000 sec [ext2/0/rel 7 (0,20)] [*] robot
[Sun Nov 16 23:26:32.236 2014] 0.000 sec 0.000 sec [ext2/0/rel 7 (0,20)] [*] robot
[Sun Nov 16 23:26:47.419 2014] 0.000 sec 0.000 sec [ext2/0/rel 7 (0,20)] [*] robot
[Sun Nov 16 23:26:50.115 2014] 0.000 sec 0.000 sec [ext2/0/rel 7 (0,20)] [*] robot
[Sun Nov 16 23:31:22.707 2014] 0.000 sec 0.000 sec [ext2/0/rel 7 (0,20)] [*] robot
[Sun Nov 16 23:31:31.288 2014] 0.000 sec 0.000 sec [ext2/0/rel 7 (0,20)] [*] robot
[Sun Nov 16 23:31:52.877 2014] 0.000 sec 0.000 sec [ext2/0/rel 7 (0,20)] [*] robot
[Sun Nov 16 23:34:11.469 2014] 0.000 sec 0.000 sec [ext2/0/rel 7 (0,20)] [*] robot
[Sun Nov 16 23:34:15.961 2014] 0.000 sec 0.000 sec [ext2/0/rel 0 (0,20)] [*] nino
[Sun Nov 16 23:34:22.570 2014] 0.000 sec 0.000 sec [ext2/0/rel 0 (0,20)] [*] hewan
[Sun Nov 16 23:34:32.624 2014] 0.000 sec 0.000 sec [ext2/0/rel 1 (0,20)] [*] IPB
[Sun Nov 16 23:34:36.803 2014] 0.000 sec 0.000 sec [ext2/0/rel 1 (0,20)] [*] Komet
[Sun Nov 16 23:34:53.210 2014] 0.000 sec 0.000 sec [ext2/0/rel 3 (0,20)] [*] otak
[Sun Nov 16 23:35:01.408 2014] 0.000 sec 0.000 sec [ext2/0/rel 3 (0,20)] [*] otak mampu
[Sun Nov 16 23:35:12.405 2014] 0.000 sec 0.000 sec [ext2/0/rel 3 (0,20)] [*] otak mampu
[Sun Nov 16 23:35:17.630 2014] 0.000 sec 0.000 sec [ext2/0/rel 1 (0,20)] [*] hantu
[Sun Nov 16 23:35:30.065 2014] 0.000 sec 0.000 sec [ext2/0/rel 3 (0,20)] [*] jenis-jenis
[Sun Nov 16 23:37:37.593 2014] 0.000 sec 0.000 sec [ext2/0/rel 3 (0,20)] [*] jenis-jenis
[Sun Nov 16 23:37:51.140 2014] 0.000 sec 0.000 sec [ext2/0/rel 3 (0,20)] [*] jenis-jenis
[Sun Nov 16 23:37:53.707 2014] 0.000 sec 0.000 sec [ext2/0/rel 3 (0,20)] [*] jenis-jenis
[Sun Nov 16 23:37:55.329 2014] 0.000 sec 0.000 sec [ext2/0/rel 3 (0,20)] [*] jenis-jenis
[Sun Nov 16 23:38:32.256 2014] 0.000 sec 0.000 sec [ext2/0/rel 3 (0,20)] [*] jenis-jenis
[Sun Nov 16 23:38:35.954 2014] 0.000 sec 0.000 sec [ext2/0/rel 0 (0,20)] [*] mama
[Sun Nov 16 23:38:40.177 2014] 0.000 sec 0.000 sec [ext2/0/rel 0 (0,20)] [*] uuuuu
[Sun Nov 16 23:38:47.865 2014] 0.000 sec 0.000 sec [ext2/0/rel 2 (0,20)] [*] sukses
[Sun Nov 16 23:41:33.445 2014] 0.000 sec 0.000 sec [ext2/0/rel 2 (0,20)] [*] sukses
[Sun Nov 16 23:41:44.201 2014] 0.000 sec 0.000 sec [ext2/0/rel 2 (0,20)] [*] sukses
[Sun Nov 16 23:42:33.854 2014] 0.000 sec 0.000 sec [ext2/0/rel 2 (0,20)] [*] sukses
[Sun Nov 16 23:42:40.140 2014] 0.000 sec 0.000 sec [ext2/0/rel 2 (0,20)] [*] sukses
[Sun Nov 16 23:42:42.217 2014] 0.000 sec 0.000 sec [ext2/0/rel 2 (0,20)] [*] sukses
[Sun Nov 16 23:42:44.565 2014] 0.000 sec 0.000 sec [ext2/0/rel 2 (0,20)] [*] sukses
[Sun Nov 16 23:46:13.775 2014] 0.000 sec 0.000 sec [ext2/0/rel 2 (0,20)] [*] sukses
[Sun Nov 16 23:48:29.166 2014] 0.000 sec 0.000 sec [ext2/0/rel 2 (0,20)] [*] sukses
[Sun Nov 16 23:49:27.643 2014] 0.000 sec 0.000 sec [ext2/0/rel 2 (0,20)] [*] sukses
[Sun Nov 16 23:49:28.371 2014] 0.000 sec 0.000 sec [ext2/0/rel 2 (0,20)] [*] sukses
[Sun Nov 16 23:49:31.346 2014] 0.000 sec 0.000 sec [ext2/0/rel 2 (0,20)] [*] sukses
[Sun Nov 16 23:49:49.128 2014] 0.000 sec 0.000 sec [ext2/0/rel 2 (0,20)] [*] sukses
[Sun Nov 16 23:50:29.441 2014] 0.000 sec 0.000 sec [ext2/0/rel 0 (0,20)] [*] test
[Sun Nov 16 23:50:43.856 2014] 0.000 sec 0.000 sec [ext2/0/rel 0 (0,20)] [*] siapa
[Sun Nov 16 23:50:47.871 2014] 0.000 sec 0.000 sec [ext2/0/rel 1 (0,20)] [*] melaksanakan
[Sun Nov 16 23:51:13.343 2014] 0.000 sec 0.000 sec [ext2/0/rel 3 (0,20)] [*] aman
[Sun Nov 16 23:51:32.958 2014] 0.000 sec 0.000 sec [ext2/0/rel 3 (0,20)] [*] aman
[Sun Nov 16 23:51:38.186 2014] 0.000 sec 0.000 sec [ext2/0/rel 0 (0,20)] [*] siapa yang
[Sun Nov 16 23:51:41.421 2014] 0.000 sec 0.000 sec [ext2/0/rel 0 (0,20)] [*] kalau
[Sun Nov 16 23:51:44.120 2014] 0.000 sec 0.000 sec [ext2/0/rel 0 (0,20)] [*] galau
[Sun Nov 16 23:51:48.895 2014] 0.000 sec 0.000 sec [ext2/0/rel 0 (0,20)] [*] path
[Sun Nov 16 23:51:54.687 2014] 0.000 sec 0.000 sec [ext2/0/rel 1 (0,20)] [*] komet
[Sun Nov 16 23:51:58.561 2014] 0.000 sec 0.000 sec [ext2/0/rel 2 (0,20)] [*] google
[Sun Nov 16 23:52:31.552 2014] 0.000 sec 0.000 sec [ext2/0/rel 2 (0,20)] [*] google
[Sun Nov 16 23:53:21.217 2014] 0.000 sec 0.000 sec [ext2/0/rel 2 (0,20)] [*] google
[Sun Nov 16 23:54:12.789 2014] 0.000 sec 0.000 sec [ext2/0/rel 2 (0,20)] [*] google
[Sun Nov 16 23:55:03.362 2014] 0.000 sec 0.000 sec [ext2/0/rel 2 (0,20)] [*] google
[Sun Nov 16 23:58:51.646 2014] 0.000 sec 0.000 sec [ext2/0/rel 2 (0,20)] [*] google
[Sun Nov 16 23:58:54.538 2014] 0.000 sec 0.000 sec [ext2/0/rel 2 (0,20)] [*] google
[Sun Nov 16 23:58:57.998 2014] 0.000 sec 0.000 sec [ext2/0/rel 2 (0,20)] [*] google
[Sun Nov 16 23:59:06.910 2014] 0.000 sec 0.000 sec [ext2/0/rel 2 (0,20)] [*] google
[Sun Nov 16 23:59:23.484 2014] 0.000 sec 0.000 sec [ext2/0/rel 2 (0,20)] [*] google
[Sun Nov 16 23:59:32.178 2014] 0.000 sec 0.000 sec [ext2/0/rel 0 (0,20)] [*] panggilan
[Sun Nov 16 23:59:38.793 2014] 0.000 sec 0.000 sec [ext2/0/rel 1 (0,20)] [*] o
[Sun Nov 16 23:59:44.267 2014] 0.000 sec 0.000 sec [ext2/0/rel 0 (0,20)] [*] kom
[Sun Nov 16 23:59:49.109 2014] 0.000 sec 0.000 sec [ext2/0/rel 0 (0,20)] [*] kome
[Sun Nov 16 23:59:51.284 2014] 0.000 sec 0.000 sec [ext2/0/rel 1 (0,20)] [*] komet
[Mon Nov 17 00:00:02.840 2014] 0.000 sec 0.000 sec [ext2/0/rel 1 (0,20)] [*] komet
[Mon Nov 17 00:00:16.456 2014] 0.000 sec 0.000 sec [ext2/0/rel 1 (0,20)] [*] komet
[Mon Nov 17 00:00:18.725 2014] 0.000 sec 0.000 sec [ext2/0/rel 1 (0,20)] [*] komet
[Mon Nov 17 00:00:26.384 2014] 0.000 sec 0.000 sec [ext2/0/rel 0 (0,20)] [*] a
[Mon Nov 17 00:00:29.649 2014] 0.000 sec 0.000 sec [ext2/0/rel 1 (0,20)] [*] o
